0 info it worked if it ends with ok
1 verbose cli [ 'c:\\Program Files\\nodejs\\node.exe',
1 verbose cli   'c:\\Program Files\\nodejs\\node_modules\\npm\\bin\\npm-cli.js',
1 verbose cli   'publish' ]
2 info using npm@2.9.1
3 info using node@v0.12.3
4 verbose publish [ '.' ]
5 silly cache add args [ '.', null ]
6 verbose cache add spec .
7 silly cache add parsed spec { raw: '.',
7 silly cache add   scope: null,
7 silly cache add   name: null,
7 silly cache add   rawSpec: '.',
7 silly cache add   spec: 'c:\\Work\\BeatBuddyBass',
7 silly cache add   type: 'directory' }
8 verbose addLocalDirectory C:\Users\Claus\AppData\Roaming\npm-cache\beatbuddybass\0.2.0\package.tgz not in flight; packing
9 verbose tar pack [ 'C:\\Users\\Claus\\AppData\\Roaming\\npm-cache\\beatbuddybass\\0.2.0\\package.tgz',
9 verbose tar pack   'c:\\Work\\BeatBuddyBass' ]
10 verbose tarball C:\Users\Claus\AppData\Roaming\npm-cache\beatbuddybass\0.2.0\package.tgz
11 verbose folder c:\Work\BeatBuddyBass
12 info prepublish beatbuddybass@0.2.0
13 verbose addLocalTarball adding from inside cache C:\Users\Claus\AppData\Roaming\npm-cache\beatbuddybass\0.2.0\package.tgz
14 silly cache afterAdd beatbuddybass@0.2.0
15 verbose afterAdd C:\Users\Claus\AppData\Roaming\npm-cache\beatbuddybass\0.2.0\package\package.json not in flight; writing
16 verbose afterAdd C:\Users\Claus\AppData\Roaming\npm-cache\beatbuddybass\0.2.0\package\package.json written
17 silly publish { name: 'beatbuddybass',
17 silly publish   version: '0.2.0',
17 silly publish   description: 'Parses Midifiles with drums, bass and midi markers to produce a set of BeatBuddy midifiles (e.g. intro, verse, outtro etc.)',
17 silly publish   main: 'lib/beatbuddybass.js',
17 silly publish   dependencies:
17 silly publish    { jsonpath: '^0.2.2',
17 silly publish      'midi-converter': '^0.1.5',
17 silly publish      underscore: '^1.8.3' },
17 silly publish   devDependencies: {},
17 silly publish   scripts: { test: 'node test/testRunner.js' },
17 silly publish   repository: { type: 'git', url: 'BeatBuddyBass' },
17 silly publish   keywords: [ 'BeatBuddy', 'Midi', 'Bass', 'Drums' ],
17 silly publish   author:
17 silly publish    { name: 'Claus Fjelloe-Jensen',
17 silly publish      email: 'claus.fjello@gmail.com' },
17 silly publish   license: 'ISC',
17 silly publish   readme: '# BeatBuddyBass - ALPHA version\r\nGenerates BeatBuddy midi files for the BeatBuddy "Rock with Bass Drum Kit" based on standard midi files with Markers indicating what parts to use.\r\n\r\nFeatures\r\n---------\r\n\r\nThis program generates midi files for the BeatBuddy pedal.   \r\n\r\nThe input files are standard midi files that are marked up in a sequencer.\r\n\r\nCurrently this has only been tested on a few Cubase 8 midi files where each sections to be extracted are indicated using a named start midi-marker and an end marker! \r\n\r\nCubase saves these markers in a separate marker track called "Markers" and this program extracts parts of the midi file based on these markers:\r\n\r\n* Sections are named according to the named marker and midi drums and bass notes are extracted until the next named or unnamed midi-marker \r\n\r\n* The Drum tracks are extracted and notes are aligned with the BeatBuddy "Rock with Bass Drum Kit" drum map (see the configuration below)\r\n\r\n* A Bass track with a name starting with "BASS" is also supported. The bass notes are transposed to fit the bass node samples in the "Rock with Bass Drum Kit" drumkit\r\n\r\nThe timing is also aligned within each of these new extracted midi files.  \r\n\r\nSample files can be found in (see the configuration below):\r\n\r\n```javascript\r\n"directory": {\r\n\t\t\t"inputPath"\t: "../examples/midiFilesIn",\r\n\t\t\t"outputPath": "../examples/beatBuddyMidi",\r\n\t\t\t"jsonPath"\t: "../examples/jsonFiles"\r\n\t\t}\r\n```\r\n\r\nThe "inputPath" holds the full midi input files. Open one or more of these files in a sequencer to see the sections are indicated using midi markers.\r\n\r\nThe "outputPath" holds the BeatBuddy midi output files that can be used with the BBManager. \r\n\r\nThe "jsonPath" holds the intermediate JSON files used to generate the midi.\r\n\r\nInstallation\r\n-------------\r\n\r\n    $ npm install beatbuddybass\r\n\r\nThis module generates midi files and is intended for with Node.\r\n\r\nUsage\r\n---------\r\n\r\nWrite a javascript like this:\r\n\r\n```javascript\r\nvar bbBass = require(\'beatbuddybass\');\r\n//\r\n// Save output in C:\\Temp on Windows\r\n//\r\nvar isWin = /^win/.test(process.platform);\r\nif ( isWin ) {\r\n\tbbBass.setOutputPath("C:/Temp");\r\n}\r\n//\r\n// Calling with multiple input midifiles\r\n//\r\nvar midiFiles = ["Crossroads.mid", "KeyTTHighway.mid", "UnderMyThumb.mid"  ];\r\nbbBass.createMidi( midiFiles);\r\n//\r\n// Or calling with a single file and an Option object\r\n//\r\nbbBass.createMidi("highwayChords.mid", { verbose: true } ) ;\r\n```\r\n\r\nOther options can be provided to the createMidi() function, i.e.:\r\n\r\n```javascript\r\nbbBass.createMidi( "YourMidiFile.mid", { bassCh: 4, drumsCh: 10, bassTranspose: 2 } );\r\n```\r\n\r\nConfiguration\r\n---------\r\n\r\nThe program comes with a configuration file, config.js, that defines the BeatBuddy rockDrumsWithBass drum map plus a template \r\nfor the midi zero track to be added to each generated midi file and the directory paths, relative or absolute, for the input and output directories:\r\n\r\n```javascript\r\nmodule.exports = {\r\n\tconfig :  {\r\n\t\t"drumMap": {\r\n\t\t\t"rockDrumsWithBass": {\r\n\t\t\t\t"bassTranspose": 36, // 3 Octaves (3*12)\r\n\t\t\t\t"drums" : {\r\n\t\t\t\t\t"36": 35, \t// KickDrum: [35,36]\r\n\t\t\t\t\t\t\t\t// CrossStick: 37 \r\n\t\t\t\t\t"40": 38,\t// Snare: [38,40] \r\n\t\t\t\t\t\t\t\t// HandClaps: 39 \r\n\t\t\t\t\t\t\t\t// TomFloor4: 41\r\n\t\t\t\t\t\t\t\t// HiHatsClosed: 42\r\n\t\t\t\t\t\t\t\t// TomLow3: 43\r\n\t\t\t\t\t\t\t\t// FootHiHat: 44\r\n\t\t\t\t\t"47": 45,\t// TomHiMid2: [45, 47]\r\n\t\t\t\t\t\t\t\t// HiHatOpen: 46\r\n\t\t\t\t\t"50": 48, \t// TomHigh1: [48, 50]\r\n\t\t\t\t\t"55": 49,\t// ChrashCymbal1: [49, 55, 57, 58]\r\n\t\t\t\t\t"57": 49,\r\n\t\t\t\t\t"58": 49,\r\n\t\t\t\t\t"52": 51, \t// RideCymbal: [51, 52, 59]\r\n\t\t\t\t\t"59": 51,\r\n\t\t\t\t\t"54": 53, \t// RideBell: [53, 54, 56]\r\n\t\t\t\t\t"56": 53\r\n\t\t\t\t}\r\n\t\t\t}\r\n\t\t},\r\n\t\t"zeroTrack": {\r\n\t\t\t"tempo": {\r\n\t\t\t\t\t\t"deltaTime": 0,\r\n\t\t\t\t\t\t"type": "meta",\r\n\t\t\t\t\t\t"subtype": "setTempo",\r\n\t\t\t\t\t\t"microsecondsPerBeat": 555554\r\n\t\t\t\t\t},\r\n\t\t\t"time": {\r\n\t\t\t\t\t\t"deltaTime": 0,\r\n\t\t\t\t\t\t"type": "meta",\r\n\t\t\t\t\t\t"subtype": "timeSignature",\r\n\t\t\t\t\t\t"numerator": 4,\r\n\t\t\t\t\t\t"denominator": 4,\r\n\t\t\t\t\t\t"metronome": 24,\r\n\t\t\t\t\t\t"thirtyseconds": 8\r\n\t\t\t\t\t},\r\n\t\t\t"endOfTrack": {\r\n\t\t\t\t\t\t"deltaTime": 0,\r\n\t\t\t\t\t\t"type": "meta",\r\n\t\t\t\t\t\t"subtype": "endOfTrack"\r\n\t\t\t\t\t}\r\n\t\t},\r\n\t\t"directory": {\r\n\t\t\t"inputPath"\t: "../examples/midiFilesIn",\r\n\t\t\t"outputPath": "../examples/beatBuddyMidi",\r\n\t\t\t"jsonPath"\t: "../examples/jsonFiles"\r\n\t\t}\r\n\t}\r\n};\r\n```\r\n\r\n',
17 silly publish   readmeFilename: 'README.md',
17 silly publish   gitHead: 'f24af017f59f9e10e503742410f0da34c34e780c',
17 silly publish   _id: 'beatbuddybass@0.2.0',
17 silly publish   _shasum: '8ca246e91c64cdcb43e1a995cb95b1ea6059193c',
17 silly publish   _from: '.' }
18 verbose getPublishConfig undefined
19 silly mapToRegistry name beatbuddybass
20 silly mapToRegistry using default registry
21 silly mapToRegistry registry https://registry.npmjs.org/
22 silly mapToRegistry uri https://registry.npmjs.org/beatbuddybass
23 verbose publish registryBase https://registry.npmjs.org/
24 silly publish uploading C:\Users\Claus\AppData\Roaming\npm-cache\beatbuddybass\0.2.0\package.tgz
25 verbose request uri https://registry.npmjs.org/beatbuddybass
26 verbose request sending authorization for write operation
27 info attempt registry request try #1 at 22:43:27
28 verbose request using bearer token for auth
29 verbose request id aa03cf165f12a7c2
30 http request PUT https://registry.npmjs.org/beatbuddybass
31 http 403 https://registry.npmjs.org/beatbuddybass
32 verbose headers { 'content-type': 'application/json',
32 verbose headers   'cache-control': 'max-age=60',
32 verbose headers   'content-length': '95',
32 verbose headers   'accept-ranges': 'bytes',
32 verbose headers   date: 'Tue, 08 Dec 2015 21:43:23 GMT',
32 verbose headers   via: '1.1 varnish',
32 verbose headers   connection: 'keep-alive',
32 verbose headers   'x-served-by': 'cache-fra1243-FRA',
32 verbose headers   'x-cache': 'MISS',
32 verbose headers   'x-cache-hits': '0',
32 verbose headers   'x-timer': 'S1449611001.154601,VS0,VE2040' }
33 verbose request invalidating C:\Users\Claus\AppData\Roaming\npm-cache\registry.npmjs.org\beatbuddybass on PUT
34 error publish Failed PUT 403
35 verbose stack Error: "You cannot publish over the previously published version 0.2.0." : beatbuddybass
35 verbose stack     at CachingRegistryClient.<anonymous> (c:\Program Files\nodejs\node_modules\npm\node_modules\npm-registry-client\lib\request.js:247:14)
35 verbose stack     at Request._callback (c:\Program Files\nodejs\node_modules\npm\node_modules\npm-registry-client\lib\request.js:170:14)
35 verbose stack     at Request.self.callback (c:\Program Files\nodejs\node_modules\npm\node_modules\request\request.js:368:22)
35 verbose stack     at Request.emit (events.js:110:17)
35 verbose stack     at Request.<anonymous> (c:\Program Files\nodejs\node_modules\npm\node_modules\request\request.js:1219:14)
35 verbose stack     at Request.emit (events.js:129:20)
35 verbose stack     at IncomingMessage.<anonymous> (c:\Program Files\nodejs\node_modules\npm\node_modules\request\request.js:1167:12)
35 verbose stack     at IncomingMessage.emit (events.js:129:20)
35 verbose stack     at _stream_readable.js:908:16
35 verbose stack     at process._tickCallback (node.js:355:11)
36 verbose statusCode 403
37 verbose pkgid beatbuddybass
38 verbose cwd c:\Work\BeatBuddyBass
39 error Windows_NT 6.3.9600
40 error argv "c:\\Program Files\\nodejs\\node.exe" "c:\\Program Files\\nodejs\\node_modules\\npm\\bin\\npm-cli.js" "publish"
41 error node v0.12.3
42 error npm  v2.9.1
43 error code E403
44 error "You cannot publish over the previously published version 0.2.0." : beatbuddybass
45 error If you need help, you may report this error at:
45 error     <https://github.com/npm/npm/issues>
46 verbose exit [ 1, true ]
